build/app/intermediates/manifest_merge_blame_file/debug/processDebugMainManifest/manifest-merger-blame-debug-report.txt
1<?xml version="1.0" encoding="utf-8"?>
2<manifest xmlns:android="http://schemas.android.com/apk/res/android"
3    package="nef.neffilscom.neffils"
4    android:versionCode="1"
5    android:versionName="1.0.0" >
6
7    <uses-sdk
8        android:minSdkVersion="21"
9        android:targetSdkVersion="34" />
10    <!--
11         The INTERNET permission is required for development. Specifically,
12         the Flutter tool needs it to communicate with the running application
13         to allow setting breakpoints, to provide hot reload, etc.
14    -->
15    <uses-permission android:name="android.permission.INTERNET" />
15-->src\main\AndroidManifest.xml:5:5-67
15-->src\main\AndroidManifest.xml:5:22-64
16    <uses-permission android:name="android.permission.ACCESS_NETWORK_STATE" /> <!-- Android 11+ Compatibility -->
16-->src\main\AndroidManifest.xml:6:5-79
16-->src\main\AndroidManifest.xml:6:22-76
17    <queries>
17-->src\main\AndroidManifest.xml:41:5-46:15
18        <intent>
18-->src\main\AndroidManifest.xml:42:9-45:18
19            <action android:name="android.intent.action.PROCESS_TEXT" />
19-->src\main\AndroidManifest.xml:43:13-73
19-->src\main\AndroidManifest.xml:43:21-70
20
21            <data android:mimeType="text/plain" />
21-->src\main\AndroidManifest.xml:44:13-51
21-->src\main\AndroidManifest.xml:44:19-48
22        </intent>
23        <intent>
23-->[:file_picker] AndroidManifest.xml:8:9-12:18
24            <action android:name="android.intent.action.GET_CONTENT" />
24-->[:file_picker] AndroidManifest.xml:9:13-72
24-->[:file_picker] AndroidManifest.xml:9:21-69
25
26            <data android:mimeType="*/*" />
26-->src\main\AndroidManifest.xml:44:13-51
26-->src\main\AndroidManifest.xml:44:19-48
27        </intent>
28        <intent>
28-->[:flutter_inappwebview_android] AndroidManifest.xml:8:9-10:18
29            <action android:name="android.support.customtabs.action.CustomTabsService" />
29-->[:flutter_inappwebview_android] AndroidManifest.xml:9:13-90
29-->[:flutter_inappwebview_android] AndroidManifest.xml:9:21-87
30        </intent>
31    </queries>
32
33    <permission
33-->[androidx.core:core:1.15.0] AndroidManifest.xml:22:5-24:47
34        android:name="nef.neffilscom.neffils.DYNAMIC_RECEIVER_NOT_EXPORTED_PERMISSION"
34-->[androidx.core:core:1.15.0] AndroidManifest.xml:23:9-81
35        android:protectionLevel="signature" />
35-->[androidx.core:core:1.15.0] AndroidManifest.xml:24:9-44
36
37    <uses-permission android:name="nef.neffilscom.neffils.DYNAMIC_RECEIVER_NOT_EXPORTED_PERMISSION" />
37-->[androidx.core:core:1.15.0] AndroidManifest.xml:26:5-97
37-->[androidx.core:core:1.15.0] AndroidManifest.xml:26:22-94
38
39    <application
40        android:name="android.app.Application"
41        android:appComponentFactory="androidx.core.app.CoreComponentFactory"
41-->[androidx.core:core:1.15.0] AndroidManifest.xml:28:18-86
42        android:debuggable="true"
43        android:extractNativeLibs="true"
44        android:icon="@mipmap/launcher_icon"
45        android:label="neffils"
46        android:networkSecurityConfig="@xml/network_security_config"
47        android:usesCleartextTraffic="true" >
48        <activity
49            android:name="nef.neffilscom.neffils.MainActivity"
50            android:configChanges="orientation|keyboardHidden|keyboard|screenSize|smallestScreenSize|locale|layoutDirection|fontScale|screenLayout|density|uiMode"
51            android:exported="true"
52            android:hardwareAccelerated="true"
53            android:launchMode="singleTop"
54            android:taskAffinity=""
55            android:theme="@style/LaunchTheme"
56            android:windowSoftInputMode="adjustResize" >
57            <meta-data
58                android:name="io.flutter.embedding.android.NormalTheme"
59                android:resource="@style/NormalTheme" />
60
61            <intent-filter>
62                <action android:name="android.intent.action.MAIN" />
63
64                <category android:name="android.intent.category.LAUNCHER" />
65            </intent-filter>
66        </activity>
67
68        <meta-data
69            android:name="flutterEmbedding"
70            android:value="2" />
71
72        <activity
72-->[:flutter_inappwebview_android] AndroidManifest.xml:14:9-18:47
73            android:name="com.pichillilorenzo.flutter_inappwebview_android.in_app_browser.InAppBrowserActivity"
73-->[:flutter_inappwebview_android] AndroidManifest.xml:15:13-112
74            android:configChanges="orientation|keyboardHidden|keyboard|screenSize|locale|layoutDirection|fontScale|screenLayout|density"
74-->[:flutter_inappwebview_android] AndroidManifest.xml:16:13-137
75            android:exported="false"
75-->[:flutter_inappwebview_android] AndroidManifest.xml:17:13-37
76            android:theme="@style/AppTheme" />
76-->[:flutter_inappwebview_android] AndroidManifest.xml:18:13-44
77        <activity
77-->[:flutter_inappwebview_android] AndroidManifest.xml:19:9-22:55
78            android:name="com.pichillilorenzo.flutter_inappwebview_android.chrome_custom_tabs.ChromeCustomTabsActivity"
78-->[:flutter_inappwebview_android] AndroidManifest.xml:20:13-120
79            android:exported="false"
79-->[:flutter_inappwebview_android] AndroidManifest.xml:21:13-37
80            android:theme="@style/ThemeTransparent" />
80-->[:flutter_inappwebview_android] AndroidManifest.xml:22:13-52
81        <activity
81-->[:flutter_inappwebview_android] AndroidManifest.xml:23:9-26:55
82            android:name="com.pichillilorenzo.flutter_inappwebview_android.chrome_custom_tabs.TrustedWebActivity"
82-->[:flutter_inappwebview_android] AndroidManifest.xml:24:13-114
83            android:exported="false"
83-->[:flutter_inappwebview_android] AndroidManifest.xml:25:13-37
84            android:theme="@style/ThemeTransparent" />
84-->[:flutter_inappwebview_android] AndroidManifest.xml:26:13-52
85        <activity
85-->[:flutter_inappwebview_android] AndroidManifest.xml:27:9-31:55
86            android:name="com.pichillilorenzo.flutter_inappwebview_android.chrome_custom_tabs.ChromeCustomTabsActivitySingleInstance"
86-->[:flutter_inappwebview_android] AndroidManifest.xml:28:13-134
87            android:exported="false"
87-->[:flutter_inappwebview_android] AndroidManifest.xml:29:13-37
88            android:launchMode="singleInstance"
88-->[:flutter_inappwebview_android] AndroidManifest.xml:30:13-48
89            android:theme="@style/ThemeTransparent" />
89-->[:flutter_inappwebview_android] AndroidManifest.xml:31:13-52
90        <activity
90-->[:flutter_inappwebview_android] AndroidManifest.xml:32:9-36:55
91            android:name="com.pichillilorenzo.flutter_inappwebview_android.chrome_custom_tabs.TrustedWebActivitySingleInstance"
91-->[:flutter_inappwebview_android] AndroidManifest.xml:33:13-128
92            android:exported="false"
92-->[:flutter_inappwebview_android] AndroidManifest.xml:34:13-37
93            android:launchMode="singleInstance"
93-->[:flutter_inappwebview_android] AndroidManifest.xml:35:13-48
94            android:theme="@style/ThemeTransparent" />
94-->[:flutter_inappwebview_android] AndroidManifest.xml:36:13-52
95
96        <receiver
96-->[:flutter_inappwebview_android] AndroidManifest.xml:38:9-41:40
97            android:name="com.pichillilorenzo.flutter_inappwebview_android.chrome_custom_tabs.ActionBroadcastReceiver"
97-->[:flutter_inappwebview_android] AndroidManifest.xml:39:13-119
98            android:enabled="true"
98-->[:flutter_inappwebview_android] AndroidManifest.xml:40:13-35
99            android:exported="false" />
99-->[:flutter_inappwebview_android] AndroidManifest.xml:41:13-37
100
101        <meta-data
101-->[:flutter_inappwebview_android] AndroidManifest.xml:43:9-45:36
102            android:name="io.flutter.embedded_views_preview"
102-->[:flutter_inappwebview_android] AndroidManifest.xml:44:13-61
103            android:value="true" />
103-->[:flutter_inappwebview_android] AndroidManifest.xml:45:13-33
104
105        <provider
105-->[:image_picker_android] AndroidManifest.xml:9:9-17:20
106            android:name="io.flutter.plugins.imagepicker.ImagePickerFileProvider"
106-->[:image_picker_android] AndroidManifest.xml:10:13-82
107            android:authorities="nef.neffilscom.neffils.flutter.image_provider"
107-->[:image_picker_android] AndroidManifest.xml:11:13-74
108            android:exported="false"
108-->[:image_picker_android] AndroidManifest.xml:12:13-37
109            android:grantUriPermissions="true" >
109-->[:image_picker_android] AndroidManifest.xml:13:13-47
110            <meta-data
110-->[:image_picker_android] AndroidManifest.xml:14:13-16:75
111                android:name="android.support.FILE_PROVIDER_PATHS"
111-->[:image_picker_android] AndroidManifest.xml:15:17-67
112                android:resource="@xml/flutter_image_picker_file_paths" />
112-->[:image_picker_android] AndroidManifest.xml:16:17-72
113        </provider> <!-- Trigger Google Play services to install the backported photo picker module. -->
114        <service
114-->[:image_picker_android] AndroidManifest.xml:19:9-31:19
115            android:name="com.google.android.gms.metadata.ModuleDependencies"
115-->[:image_picker_android] AndroidManifest.xml:20:13-78
116            android:enabled="false"
116-->[:image_picker_android] AndroidManifest.xml:21:13-36
117            android:exported="false" >
117-->[:image_picker_android] AndroidManifest.xml:22:13-37
118            <intent-filter>
118-->[:image_picker_android] AndroidManifest.xml:24:13-26:29
119                <action android:name="com.google.android.gms.metadata.MODULE_DEPENDENCIES" />
119-->[:image_picker_android] AndroidManifest.xml:25:17-94
119-->[:image_picker_android] AndroidManifest.xml:25:25-91
120            </intent-filter>
121
122            <meta-data
122-->[:image_picker_android] AndroidManifest.xml:28:13-30:36
123                android:name="photopicker_activity:0:required"
123-->[:image_picker_android] AndroidManifest.xml:29:17-63
124                android:value="" />
124-->[:image_picker_android] AndroidManifest.xml:30:17-33
125        </service>
126
127        <activity
127-->[:url_launcher_android] AndroidManifest.xml:8:9-11:74
128            android:name="io.flutter.plugins.urllauncher.WebViewActivity"
128-->[:url_launcher_android] AndroidManifest.xml:9:13-74
129            android:exported="false"
129-->[:url_launcher_android] AndroidManifest.xml:10:13-37
130            android:theme="@android:style/Theme.NoTitleBar.Fullscreen" />
130-->[:url_launcher_android] AndroidManifest.xml:11:13-71
131
132        <provider
132-->[androidx.emoji2:emoji2:1.2.0] AndroidManifest.xml:24:9-32:20
133            android:name="androidx.startup.InitializationProvider"
133-->[androidx.emoji2:emoji2:1.2.0] AndroidManifest.xml:25:13-67
134            android:authorities="nef.neffilscom.neffils.androidx-startup"
134-->[androidx.emoji2:emoji2:1.2.0] AndroidManifest.xml:26:13-68
135            android:exported="false" >
135-->[androidx.emoji2:emoji2:1.2.0] AndroidManifest.xml:27:13-37
136            <meta-data
136-->[androidx.emoji2:emoji2:1.2.0] AndroidManifest.xml:29:13-31:52
137                android:name="androidx.emoji2.text.EmojiCompatInitializer"
137-->[androidx.emoji2:emoji2:1.2.0] AndroidManifest.xml:30:17-75
138                android:value="androidx.startup" />
138-->[androidx.emoji2:emoji2:1.2.0] AndroidManifest.xml:31:17-49
139            <meta-data
139-->[androidx.lifecycle:lifecycle-process:2.8.7] AndroidManifest.xml:29:13-31:52
140                android:name="androidx.lifecycle.ProcessLifecycleInitializer"
140-->[androidx.lifecycle:lifecycle-process:2.8.7] AndroidManifest.xml:30:17-78
141                android:value="androidx.startup" />
141-->[androidx.lifecycle:lifecycle-process:2.8.7] AndroidManifest.xml:31:17-49
142            <meta-data
142-->[androidx.profileinstaller:profileinstaller:1.3.1] AndroidManifest.xml:29:13-31:52
143                android:name="androidx.profileinstaller.ProfileInstallerInitializer"
143-->[androidx.profileinstaller:profileinstaller:1.3.1] AndroidManifest.xml:30:17-85
144                android:value="androidx.startup" />
144-->[androidx.profileinstaller:profileinstaller:1.3.1] AndroidManifest.xml:31:17-49
145        </provider>
146
147        <uses-library
147-->[androidx.window:window:1.2.0] AndroidManifest.xml:23:9-25:40
148            android:name="androidx.window.extensions"
148-->[androidx.window:window:1.2.0] AndroidManifest.xml:24:13-54
149            android:required="false" />
149-->[androidx.window:window:1.2.0] AndroidManifest.xml:25:13-37
150        <uses-library
150-->[androidx.window:window:1.2.0] AndroidManifest.xml:26:9-28:40
151            android:name="androidx.window.sidecar"
151-->[androidx.window:window:1.2.0] AndroidManifest.xml:27:13-51
152            android:required="false" />
152-->[androidx.window:window:1.2.0] AndroidManifest.xml:28:13-37
153
154        <receiver
154-->[androidx.profileinstaller:profileinstaller:1.3.1] AndroidManifest.xml:34:9-52:20
155            android:name="androidx.profileinstaller.ProfileInstallReceiver"
155-->[androidx.profileinstaller:profileinstaller:1.3.1] AndroidManifest.xml:35:13-76
156            android:directBootAware="false"
156-->[androidx.profileinstaller:profileinstaller:1.3.1] AndroidManifest.xml:36:13-44
157            android:enabled="true"
157-->[androidx.profileinstaller:profileinstaller:1.3.1] AndroidManifest.xml:37:13-35
158            android:exported="true"
158-->[androidx.profileinstaller:profileinstaller:1.3.1] AndroidManifest.xml:38:13-36
159            android:permission="android.permission.DUMP" >
159-->[androidx.profileinstaller:profileinstaller:1.3.1] AndroidManifest.xml:39:13-57
160            <intent-filter>
160-->[androidx.profileinstaller:profileinstaller:1.3.1] AndroidManifest.xml:40:13-42:29
161                <action android:name="androidx.profileinstaller.action.INSTALL_PROFILE" />
161-->[androidx.profileinstaller:profileinstaller:1.3.1] AndroidManifest.xml:41:17-91
161-->[androidx.profileinstaller:profileinstaller:1.3.1] AndroidManifest.xml:41:25-88
162            </intent-filter>
163            <intent-filter>
163-->[androidx.profileinstaller:profileinstaller:1.3.1] AndroidManifest.xml:43:13-45:29
164                <action android:name="androidx.profileinstaller.action.SKIP_FILE" />
164-->[androidx.profileinstaller:profileinstaller:1.3.1] AndroidManifest.xml:44:17-85
164-->[androidx.profileinstaller:profileinstaller:1.3.1] AndroidManifest.xml:44:25-82
165            </intent-filter>
166            <intent-filter>
166-->[androidx.profileinstaller:profileinstaller:1.3.1] AndroidManifest.xml:46:13-48:29
167                <action android:name="androidx.profileinstaller.action.SAVE_PROFILE" />
167-->[androidx.profileinstaller:profileinstaller:1.3.1] AndroidManifest.xml:47:17-88
167-->[androidx.profileinstaller:profileinstaller:1.3.1] AndroidManifest.xml:47:25-85
168            </intent-filter>
169            <intent-filter>
169-->[androidx.profileinstaller:profileinstaller:1.3.1] AndroidManifest.xml:49:13-51:29
170                <action android:name="androidx.profileinstaller.action.BENCHMARK_OPERATION" />
170-->[androidx.profileinstaller:profileinstaller:1.3.1] AndroidManifest.xml:50:17-95
170-->[androidx.profileinstaller:profileinstaller:1.3.1] AndroidManifest.xml:50:25-92
171            </intent-filter>
172        </receiver>
173    </application>
174
175</manifest>